Build started 7/30/2016 2:15:06 AM.
     1>Project "E:\ARSLAN ALI\Arslan Ali\Cooperative Tele\DAD_Final\Simple_Tele_MFC\Simple_Tele_MFC.vcxproj" on node 2 (build target(s)).
     1>InitializeBuildStatus:
         Creating "Debug\Simple_Tele_MFC.unsuccessfulbuild" because "AlwaysCreate" was specified.
       ClCompile:
         All outputs are up-to-date.
       ResourceCompile:
         All outputs are up-to-date.
       ManifestResourceCompile:
         All outputs are up-to-date.
       Link:
         All outputs are up-to-date.
       Manifest:
         C:\Program Files (x86)\Microsoft SDKs\Windows\v7.0A\bin\mt.exe /nologo /verbose /out:"Debug\Simple_Tele_MFC.exe.embed.manifest" /manifest Debug\Simple_Tele_MFC.exe.intermediate.manifest "C:\Program Files (x86)\Microsoft Visual Studio 10.0\VC\Include\Manifest\dpiaware.manifest"
         All outputs are up-to-date.
       FinalizeBuildStatus:
         Deleting file "Debug\Simple_Tele_MFC.unsuccessfulbuild".
         Touching "Debug\Simple_Tele_MFC.lastbuildstate".
     1>Done Building Project "E:\ARSLAN ALI\Arslan Ali\Cooperative Tele\DAD_Final\Simple_Tele_MFC\Simple_Tele_MFC.vcxproj" (build target(s)).

Build succeeded.

Time Elapsed 00:00:00.06
