E:\ARSLAN ALI\ARSLAN ALI\COOPERATIVE TELE\DAD_FINAL\DEBUG\SIMPLE_TELE_MFC.EXE
E:\ARSLAN ALI\ARSLAN ALI\COOPERATIVE TELE\DAD_FINAL\DEBUG\SIMPLE_TELE_MFC.ILK
E:\ARSLAN ALI\ARSLAN ALI\COOPERATIVE TELE\DAD_FINAL\DEBUG\SIMPLE_TELE_MFC.PDB
E:\ARSLAN ALI\ARSLAN ALI\COOPERATIVE TELE\DAD_FINAL\SIMPLE_TELE_MFC\DEBUG\MAIN.OBJ
E:\ARSLAN ALI\ARSLAN ALI\COOPERATIVE TELE\DAD_FINAL\SIMPLE_TELE_MFC\DEBUG\SIMPLE_TELE_MFC.EXE.EMBED.MANIFEST
E:\ARSLAN ALI\ARSLAN ALI\COOPERATIVE TELE\DAD_FINAL\SIMPLE_TELE_MFC\DEBUG\SIMPLE_TELE_MFC.EXE.EMBED.MANIFEST.RES
E:\ARSLAN ALI\ARSLAN ALI\COOPERATIVE TELE\DAD_FINAL\SIMPLE_TELE_MFC\DEBUG\SIMPLE_TELE_MFC.EXE.INTERMEDIATE.MANIFEST
E:\ARSLAN ALI\ARSLAN ALI\COOPERATIVE TELE\DAD_FINAL\SIMPLE_TELE_MFC\DEBUG\SIMPLE_TELE_MFC.RES
E:\ARSLAN ALI\ARSLAN ALI\COOPERATIVE TELE\DAD_FINAL\SIMPLE_TELE_MFC\DEBUG\VC100.PDB
F:\CODES\VISUAL C++ 2010\DAD_FINAL\DEBUG\SIMPLE_TELE_MFC.EXE
F:\CODES\VISUAL C++ 2010\DAD_FINAL\DEBUG\SIMPLE_TELE_MFC.ILK
F:\CODES\VISUAL C++ 2010\DAD_FINAL\DEBUG\SIMPLE_TELE_MFC.PDB
F:\Codes\Visual C++ 2010\DAD_Final\Simple_Tele_MFC\Debug\cl.command.1.tlog
F:\Codes\Visual C++ 2010\DAD_Final\Simple_Tele_MFC\Debug\CL.read.1.tlog
F:\Codes\Visual C++ 2010\DAD_Final\Simple_Tele_MFC\Debug\CL.write.1.tlog
F:\Codes\Visual C++ 2010\DAD_Final\Simple_Tele_MFC\Debug\link.6672.read.1.tlog
F:\Codes\Visual C++ 2010\DAD_Final\Simple_Tele_MFC\Debug\link.6672.write.1.tlog
F:\Codes\Visual C++ 2010\DAD_Final\Simple_Tele_MFC\Debug\link.6672-cvtres.read.1.tlog
F:\Codes\Visual C++ 2010\DAD_Final\Simple_Tele_MFC\Debug\link.6672-cvtres.write.1.tlog
F:\Codes\Visual C++ 2010\DAD_Final\Simple_Tele_MFC\Debug\link.6788.read.1.tlog
F:\Codes\Visual C++ 2010\DAD_Final\Simple_Tele_MFC\Debug\link.6788.write.1.tlog
F:\Codes\Visual C++ 2010\DAD_Final\Simple_Tele_MFC\Debug\link.6788-cvtres.read.1.tlog
F:\Codes\Visual C++ 2010\DAD_Final\Simple_Tele_MFC\Debug\link.6788-cvtres.write.1.tlog
F:\Codes\Visual C++ 2010\DAD_Final\Simple_Tele_MFC\Debug\link.8144.read.1.tlog
F:\Codes\Visual C++ 2010\DAD_Final\Simple_Tele_MFC\Debug\link.8144.write.1.tlog
F:\Codes\Visual C++ 2010\DAD_Final\Simple_Tele_MFC\Debug\link.8144-cvtres.read.1.tlog
F:\Codes\Visual C++ 2010\DAD_Final\Simple_Tele_MFC\Debug\link.8144-cvtres.write.1.tlog
F:\Codes\Visual C++ 2010\DAD_Final\Simple_Tele_MFC\Debug\link.8280.read.1.tlog
F:\Codes\Visual C++ 2010\DAD_Final\Simple_Tele_MFC\Debug\link.8280.write.1.tlog
F:\Codes\Visual C++ 2010\DAD_Final\Simple_Tele_MFC\Debug\link.8280-cvtres.read.1.tlog
F:\Codes\Visual C++ 2010\DAD_Final\Simple_Tele_MFC\Debug\link.8280-cvtres.write.1.tlog
F:\Codes\Visual C++ 2010\DAD_Final\Simple_Tele_MFC\Debug\link.8840.read.1.tlog
F:\Codes\Visual C++ 2010\DAD_Final\Simple_Tele_MFC\Debug\link.8840.write.1.tlog
F:\Codes\Visual C++ 2010\DAD_Final\Simple_Tele_MFC\Debug\link.8840-cvtres.read.1.tlog
F:\Codes\Visual C++ 2010\DAD_Final\Simple_Tele_MFC\Debug\link.8840-cvtres.write.1.tlog
F:\Codes\Visual C++ 2010\DAD_Final\Simple_Tele_MFC\Debug\link.9420.read.1.tlog
F:\Codes\Visual C++ 2010\DAD_Final\Simple_Tele_MFC\Debug\link.9420.write.1.tlog
F:\Codes\Visual C++ 2010\DAD_Final\Simple_Tele_MFC\Debug\link.9420-cvtres.read.1.tlog
F:\Codes\Visual C++ 2010\DAD_Final\Simple_Tele_MFC\Debug\link.9420-cvtres.write.1.tlog
F:\Codes\Visual C++ 2010\DAD_Final\Simple_Tele_MFC\Debug\link.command.1.tlog
F:\Codes\Visual C++ 2010\DAD_Final\Simple_Tele_MFC\Debug\link.read.1.tlog
F:\Codes\Visual C++ 2010\DAD_Final\Simple_Tele_MFC\Debug\link.write.1.tlog
F:\Codes\Visual C++ 2010\DAD_Final\Simple_Tele_MFC\Debug\link-cvtres.read.1.tlog
F:\Codes\Visual C++ 2010\DAD_Final\Simple_Tele_MFC\Debug\link-cvtres.write.1.tlog
F:\CODES\VISUAL C++ 2010\DAD_FINAL\SIMPLE_TELE_MFC\DEBUG\MAIN.OBJ
F:\Codes\Visual C++ 2010\DAD_Final\Simple_Tele_MFC\Debug\mt.command.1.tlog
F:\Codes\Visual C++ 2010\DAD_Final\Simple_Tele_MFC\Debug\mt.read.1.tlog
F:\Codes\Visual C++ 2010\DAD_Final\Simple_Tele_MFC\Debug\mt.write.1.tlog
F:\Codes\Visual C++ 2010\DAD_Final\Simple_Tele_MFC\Debug\rc.command.1.tlog
F:\Codes\Visual C++ 2010\DAD_Final\Simple_Tele_MFC\Debug\rc.read.1.tlog
F:\Codes\Visual C++ 2010\DAD_Final\Simple_Tele_MFC\Debug\rc.write.1.tlog
F:\Codes\Visual C++ 2010\DAD_Final\Simple_Tele_MFC\Debug\Simple_Tele_MFC.exe.embed.manifest
F:\CODES\VISUAL C++ 2010\DAD_FINAL\SIMPLE_TELE_MFC\DEBUG\SIMPLE_TELE_MFC.EXE.EMBED.MANIFEST.RES
F:\CODES\VISUAL C++ 2010\DAD_FINAL\SIMPLE_TELE_MFC\DEBUG\SIMPLE_TELE_MFC.EXE.INTERMEDIATE.MANIFEST
F:\CODES\VISUAL C++ 2010\DAD_FINAL\SIMPLE_TELE_MFC\DEBUG\SIMPLE_TELE_MFC.RES
F:\Codes\Visual C++ 2010\DAD_Final\Simple_Tele_MFC\Debug\Simple_Tele_MFC.vcxprojResolveAssemblyReference.cache
F:\Codes\Visual C++ 2010\DAD_Final\Simple_Tele_MFC\Debug\Simple_Tele_MFC.write.1.tlog
F:\Codes\Visual C++ 2010\DAD_Final\Simple_Tele_MFC\Debug\Simple_Tele_MFC_manifest.rc
F:\Codes\Visual C++ 2010\DAD_Final\Simple_Tele_MFC\Debug\vc100.idb
F:\CODES\VISUAL C++ 2010\DAD_FINAL\SIMPLE_TELE_MFC\DEBUG\VC100.PDB
